<?xml version="1.0" encoding="UTF-8"?>
<testng-results skipped="0" failed="1" ignored="0" total="1" passed="0">
  <reporter-output>
  </reporter-output>
  <suite name="OrangeSuite" duration-ms="18972" started-at="2017-02-14T07:05:17Z" finished-at="2017-02-14T07:05:36Z">
    <groups>
    </groups>
    <test name="TestFirefox" duration-ms="18972" started-at="2017-02-14T07:05:17Z" finished-at="2017-02-14T07:05:36Z">
      <class name="com.hrm.scripts.DeleteEmployee">
        <test-method status="PASS" signature="initReport()[pri:0, instance:com.hrm.scripts.DeleteEmployee@49993335]" name="initReport" is-config="true" duration-ms="237" started-at="2017-02-14T12:35:17Z" finished-at="2017-02-14T12:35:17Z">
          <reporter-output>
          </reporter-output>
        </test-method> <!-- initReport -->
        <test-method status="PASS" signature="initGlobalVar()[pri:0, instance:com.hrm.scripts.DeleteEmployee@49993335]" name="initGlobalVar" is-config="true" duration-ms="2" started-at="2017-02-14T12:35:17Z" finished-at="2017-02-14T12:35:17Z">
          <reporter-output>
          </reporter-output>
        </test-method> <!-- initGlobalVar -->
        <test-method status="PASS" signature="initApplication(java.lang.String)[pri:0, instance:com.hrm.scripts.DeleteEmployee@49993335]" name="initApplication" is-config="true" duration-ms="8222" started-at="2017-02-14T12:35:17Z" finished-at="2017-02-14T12:35:26Z">
          <params>
            <param index="0">
              <value>
                <![CDATA[firefox]]>
              </value>
            </param>
          </params>
          <reporter-output>
          </reporter-output>
        </test-method> <!-- initApplication -->
        <test-method status="PASS" signature="preCondition(java.lang.reflect.Method)[pri:0, instance:com.hrm.scripts.DeleteEmployee@49993335]" name="preCondition" is-config="true" duration-ms="4562" started-at="2017-02-14T12:35:26Z" finished-at="2017-02-14T12:35:30Z">
          <params>
            <param index="0">
              <value>
                <![CDATA[public void com.hrm.scripts.DeleteEmployee.testDeleteEmployee()]]>
              </value>
            </param>
          </params>
          <reporter-output>
          </reporter-output>
        </test-method> <!-- preCondition -->
        <test-method status="FAIL" signature="testDeleteEmployee()[pri:0, instance:com.hrm.scripts.DeleteEmployee@49993335]" name="testDeleteEmployee" duration-ms="4610" started-at="2017-02-14T12:35:30Z" finished-at="2017-02-14T12:35:35Z">
          <exception class="java.lang.AssertionError">
            <full-stacktrace>
              <![CDATA[java.lang.AssertionError
	at org.junit.Assert.fail(Assert.java:86)
	at org.junit.Assert.assertTrue(Assert.java:41)
	at org.junit.Assert.assertFalse(Assert.java:64)
	at org.junit.Assert.assertFalse(Assert.java:74)
	at com.hrm.pages.EmpInfoPage.verifyEmpIsNotPresent(EmpInfoPage.java:37)
	at com.hrm.scripts.DeleteEmployee.testDeleteEmployee(DeleteEmployee.java:32)
	at sun.reflect.NativeMethodAccessorImpl.invoke0(Native Method)
	at sun.reflect.NativeMethodAccessorImpl.invoke(NativeMethodAccessorImpl.java:62)
	at sun.reflect.DelegatingMethodAccessorImpl.invoke(DelegatingMethodAccessorImpl.java:43)
	at java.lang.reflect.Method.invoke(Method.java:498)
	at org.testng.internal.MethodInvocationHelper.invokeMethod(MethodInvocationHelper.java:104)
	at org.testng.internal.Invoker.invokeMethod(Invoker.java:645)
	at org.testng.internal.Invoker.invokeTestMethod(Invoker.java:851)
	at org.testng.internal.Invoker.invokeTestMethods(Invoker.java:1177)
	at org.testng.internal.TestMethodWorker.invokeTestMethods(TestMethodWorker.java:129)
	at org.testng.internal.TestMethodWorker.run(TestMethodWorker.java:112)
	at org.testng.TestRunner.privateRun(TestRunner.java:756)
	at org.testng.TestRunner.run(TestRunner.java:610)
	at org.testng.SuiteRunner.runTest(SuiteRunner.java:387)
	at org.testng.SuiteRunner.runSequentially(SuiteRunner.java:382)
	at org.testng.SuiteRunner.privateRun(SuiteRunner.java:340)
	at org.testng.SuiteRunner.run(SuiteRunner.java:289)
	at org.testng.SuiteRunnerWorker.runSuite(SuiteRunnerWorker.java:52)
	at org.testng.SuiteRunnerWorker.run(SuiteRunnerWorker.java:86)
	at org.testng.TestNG.runSuitesSequentially(TestNG.java:1293)
	at org.testng.TestNG.runSuitesLocally(TestNG.java:1218)
	at org.testng.TestNG.runSuites(TestNG.java:1133)
	at org.testng.TestNG.run(TestNG.java:1104)
	at org.testng.remote.AbstractRemoteTestNG.run(AbstractRemoteTestNG.java:132)
	at org.testng.remote.RemoteTestNG.initAndRun(RemoteTestNG.java:236)
	at org.testng.remote.RemoteTestNG.main(RemoteTestNG.java:81)
]]>
            </full-stacktrace>
          </exception> <!-- java.lang.AssertionError -->
          <reporter-output>
          </reporter-output>
        </test-method> <!-- testDeleteEmployee -->
        <test-method status="PASS" signature="postCondition(org.testng.ITestResult)[pri:0, instance:com.hrm.scripts.DeleteEmployee@49993335]" name="postCondition" is-config="true" duration-ms="370" started-at="2017-02-14T12:35:35Z" finished-at="2017-02-14T12:35:36Z">
          <params>
            <param index="0">
              <value>
                <![CDATA[[TestResult name=testDeleteEmployee status=FAILURE method=DeleteEmployee.testDeleteEmployee()[pri:0, instance:com.hrm.scripts.DeleteEmployee@49993335] output={null}]]]>
              </value>
            </param>
          </params>
          <reporter-output>
          </reporter-output>
        </test-method> <!-- postCondition -->
        <test-method status="PASS" signature="closeApplication()[pri:0, instance:com.hrm.scripts.DeleteEmployee@49993335]" name="closeApplication" is-config="true" duration-ms="843" started-at="2017-02-14T12:35:36Z" finished-at="2017-02-14T12:35:36Z">
          <reporter-output>
          </reporter-output>
        </test-method> <!-- closeApplication -->
        <test-method status="PASS" signature="publishReport()[pri:0, instance:com.hrm.scripts.DeleteEmployee@49993335]" name="publishReport" is-config="true" duration-ms="391" started-at="2017-02-14T12:35:36Z" finished-at="2017-02-14T12:35:37Z">
          <reporter-output>
          </reporter-output>
        </test-method> <!-- publishReport -->
      </class> <!-- com.hrm.scripts.DeleteEmployee -->
    </test> <!-- TestFirefox -->
  </suite> <!-- OrangeSuite -->
</testng-results>
